Using pre-set license
Built from '2020.3/release' branch; Version is '2020.3.1f1 (77a89f25062f) revision 7841951'; Using compiler version '192528614'; Build Type 'Release'
OS: 'Windows 10 Pro; OS build 19042.928; Version 2009; 64bit' Language: 'en' Physical Memory: 16273 MB
BatchMode: 1, IsHumanControllingUs: 0, StartBugReporterOnCrash: 0, Is64bit: 1, IsPro: 0

 COMMAND LINE ARGUMENTS:
C:\Program Files\Unity\Hub\Editor\2020.3.1f1\Editor\Unity.exe
-adb2
-batchMode
-noUpm
-name
AssetImportWorker3
-projectPath
D:/JOJU/UNITY_PROJECTS/2D/Cyberpunk_2022_Game/Cyberpunk 2022
-logFile
Logs/AssetImportWorker3.log
-srvPort
11871
Successfully changed project path to: D:/JOJU/UNITY_PROJECTS/2D/Cyberpunk_2022_Game/Cyberpunk 2022
D:/JOJU/UNITY_PROJECTS/2D/Cyberpunk_2022_Game/Cyberpunk 2022
Using Asset Import Pipeline V2.
Refreshing native plugins compatible for Editor in 287.04 ms, found 1 plugins.
Preloading 0 native plugins for Editor in 0.00 ms.
Initialize engine version: 2020.3.1f1 (77a89f25062f)
[Subsystems] Discovering subsystems at path C:/Program Files/Unity/Hub/Editor/2020.3.1f1/Editor/Data/Resources/UnitySubsystems
[Subsystems] Discovering subsystems at path D:/JOJU/UNITY_PROJECTS/2D/Cyberpunk_2022_Game/Cyberpunk 2022/Assets
GfxDevice: creating device client; threaded=0
Direct3D:
    Version:  Direct3D 11.0 [level 11.0]
    Renderer: Intel(R) HD Graphics 4000 (ID=0x166)
    Vendor:   
    VRAM:     128 MB
    Driver:   10.18.10.4358
Shader 'Universal Render Pipeline/Particles/Lit': fallback shader 'Universal Render Pipeline/Particles/SimpleLit' not found
Initialize mono
Mono path[0] = 'C:/Program Files/Unity/Hub/Editor/2020.3.1f1/Editor/Data/Managed'
Mono path[1] = 'C:/Program Files/Unity/Hub/Editor/2020.3.1f1/Editor/Data/MonoBleedingEdge/lib/mono/unityjit'
Mono config path = 'C:/Program Files/Unity/Hub/Editor/2020.3.1f1/Editor/Data/MonoBleedingEdge/etc'
Using monoOptions --debugger-agent=transport=dt_socket,embedding=1,server=y,suspend=n,address=127.0.0.1:56940
Begin MonoManager ReloadAssembly
Registering precompiled unity dll's ...
Register platform support module: C:/Program Files/Unity/Hub/Editor/2020.3.1f1/Editor/Data/PlaybackEngines/WindowsStandaloneSupport/UnityEditor.WindowsStandalone.Extensions.dll
Registered in 0.006968 seconds.
Native extension for WindowsStandalone target not found
Refreshing native plugins compatible for Editor in 150.87 ms, found 1 plugins.
Preloading 0 native plugins for Editor in 0.00 ms.
Invoked RoslynAnalysisRunner static constructor.
RoslynAnalysisRunner will not be running.
RoslynAnalysisRunner has terminated.
Mono: successfully reloaded assembly
- Completed reload, in  3.019 seconds
Platform modules already initialized, skipping
Registering precompiled user dll's ...
Registered in 0.005433 seconds.
Begin MonoManager ReloadAssembly
Native extension for WindowsStandalone target not found
Refreshing native plugins compatible for Editor in 160.16 ms, found 1 plugins.
Preloading 0 native plugins for Editor in 0.00 ms.
Invoked RoslynAnalysisRunner static constructor.
RoslynAnalysisRunner will not be running.
RoslynAnalysisRunner has terminated.
Mono: successfully reloaded assembly
- Completed reload, in  3.374 seconds
Platform modules already initialized, skipping
========================================================================
Worker process is ready to serve import requests
Shader 'Universal Render Pipeline/Particles/Lit': fallback shader 'Universal Render Pipeline/Particles/SimpleLit' not found
Launched and connected shader compiler UnityShaderCompiler.exe after 0.46 seconds
Refreshing native plugins compatible for Editor in 2.65 ms, found 1 plugins.
Preloading 0 native plugins for Editor in 0.00 ms.
Unloading 3104 Unused Serialized files (Serialized files now loaded: 0)
System memory in use before: 145.0 MB.
System memory in use after: 145.2 MB.

Unloading 24 unused Assets to reduce memory usage. Loaded Objects now: 3563.
Total: 5.697800 ms (FindLiveObjects: 0.651400 ms CreateObjectMapping: 0.504100 ms MarkObjects: 4.292500 ms  DeleteObjects: 0.247700 ms)

========================================================================
Received Import Request.
  path: Assets/Scripts/SaveData.cs
  artifactKey: Guid(9f543243951d94e4a842b87997348922) Importer(815301076,1909f56bfc062723c751e8b465ee728b)
Start importing Assets/Scripts/SaveData.cs using Guid(9f543243951d94e4a842b87997348922) Importer(815301076,1909f56bfc062723c751e8b465ee728b)  -> (artifact id: '463106335b4cd38ae0874dc01afa9466') in 0.120951 seconds
  Import took 0.217234 seconds .

========================================================================
Received Prepare
Registering precompiled user dll's ...
Registered in 0.003457 seconds.
Begin MonoManager ReloadAssembly
Native extension for WindowsStandalone target not found
Refreshing native plugins compatible for Editor in 1.07 ms, found 1 plugins.
Preloading 0 native plugins for Editor in 0.00 ms.
Invoked RoslynAnalysisRunner static constructor.
RoslynAnalysisRunner will not be running.
RoslynAnalysisRunner has terminated.
Mono: successfully reloaded assembly
- Completed reload, in  2.742 seconds
Platform modules already initialized, skipping
Shader 'Universal Render Pipeline/Particles/Lit': fallback shader 'Universal Render Pipeline/Particles/SimpleLit' not found
Refreshing native plugins compatible for Editor in 1.65 ms, found 1 plugins.
Preloading 0 native plugins for Editor in 0.00 ms.
Unloading 2992 Unused Serialized files (Serialized files now loaded: 0)
System memory in use before: 139.1 MB.
System memory in use after: 139.2 MB.

Unloading 13 unused Assets to reduce memory usage. Loaded Objects now: 3567.
Total: 6.314700 ms (FindLiveObjects: 0.647600 ms CreateObjectMapping: 0.488300 ms MarkObjects: 4.949200 ms  DeleteObjects: 0.226200 ms)

========================================================================
Received Import Request.
  Time since last request: 249.322292 seconds.
  path: Assets/Scripts/Data
  artifactKey: Guid(83806a94d8cbf7342939fad2077c42ac) Importer(815301076,1909f56bfc062723c751e8b465ee728b)
Start importing Assets/Scripts/Data using Guid(83806a94d8cbf7342939fad2077c42ac) Importer(815301076,1909f56bfc062723c751e8b465ee728b)  -> (artifact id: '48672e4a03f789c71fdb5ab06b1aaf62') in 0.032051 seconds
  Import took 0.062546 seconds .

========================================================================
Received Prepare
Registering precompiled user dll's ...
Registered in 0.002801 seconds.
Begin MonoManager ReloadAssembly
Native extension for WindowsStandalone target not found
Refreshing native plugins compatible for Editor in 1.20 ms, found 1 plugins.
Preloading 0 native plugins for Editor in 0.00 ms.
Invoked RoslynAnalysisRunner static constructor.
RoslynAnalysisRunner will not be running.
RoslynAnalysisRunner has terminated.
Mono: successfully reloaded assembly
- Completed reload, in  2.621 seconds
Platform modules already initialized, skipping
Shader 'Universal Render Pipeline/Particles/Lit': fallback shader 'Universal Render Pipeline/Particles/SimpleLit' not found
Refreshing native plugins compatible for Editor in 1.12 ms, found 1 plugins.
Preloading 0 native plugins for Editor in 0.00 ms.
Unloading 2992 Unused Serialized files (Serialized files now loaded: 0)
System memory in use before: 139.1 MB.
System memory in use after: 139.3 MB.

Unloading 13 unused Assets to reduce memory usage. Loaded Objects now: 3571.
Total: 5.115800 ms (FindLiveObjects: 0.447900 ms CreateObjectMapping: 0.257600 ms MarkObjects: 4.168900 ms  DeleteObjects: 0.238200 ms)

========================================================================
Received Import Request.
  Time since last request: 27.328833 seconds.
  path: Assets/Scripts/Data/PlayerData.cs
  artifactKey: Guid(4c3e0535a9ed1f84aa2b86b2d475b656) Importer(815301076,1909f56bfc062723c751e8b465ee728b)
Start importing Assets/Scripts/Data/PlayerData.cs using Guid(4c3e0535a9ed1f84aa2b86b2d475b656) Importer(815301076,1909f56bfc062723c751e8b465ee728b)  -> (artifact id: '9bfa83a77688deeaaf959e8f2c2c86a8') in 0.269427 seconds
  Import took 0.363365 seconds .

========================================================================
Received Prepare
Registering precompiled user dll's ...
Registered in 0.005945 seconds.
Begin MonoManager ReloadAssembly
Native extension for WindowsStandalone target not found
Refreshing native plugins compatible for Editor in 1.14 ms, found 1 plugins.
Preloading 0 native plugins for Editor in 0.00 ms.
Invoked RoslynAnalysisRunner static constructor.
RoslynAnalysisRunner will not be running.
RoslynAnalysisRunner has terminated.
Mono: successfully reloaded assembly
- Completed reload, in  3.623 seconds
Platform modules already initialized, skipping
Shader 'Universal Render Pipeline/Particles/Lit': fallback shader 'Universal Render Pipeline/Particles/SimpleLit' not found
Refreshing native plugins compatible for Editor in 12.76 ms, found 1 plugins.
Preloading 0 native plugins for Editor in 0.00 ms.
Unloading 2993 Unused Serialized files (Serialized files now loaded: 0)
System memory in use before: 139.2 MB.
System memory in use after: 139.3 MB.

Unloading 13 unused Assets to reduce memory usage. Loaded Objects now: 3576.
Total: 6.630500 ms (FindLiveObjects: 0.479500 ms CreateObjectMapping: 0.375700 ms MarkObjects: 5.545500 ms  DeleteObjects: 0.225000 ms)

========================================================================
Received Prepare
Registering precompiled user dll's ...
Registered in 0.049422 seconds.
Begin MonoManager ReloadAssembly
Native extension for WindowsStandalone target not found
Refreshing native plugins compatible for Editor in 1.06 ms, found 1 plugins.
Preloading 0 native plugins for Editor in 0.00 ms.
Invoked RoslynAnalysisRunner static constructor.
RoslynAnalysisRunner will not be running.
RoslynAnalysisRunner has terminated.
Mono: successfully reloaded assembly
- Completed reload, in  2.474 seconds
Platform modules already initialized, skipping
Shader 'Universal Render Pipeline/Particles/Lit': fallback shader 'Universal Render Pipeline/Particles/SimpleLit' not found
Refreshing native plugins compatible for Editor in 1.64 ms, found 1 plugins.
Preloading 0 native plugins for Editor in 0.00 ms.
Unloading 2993 Unused Serialized files (Serialized files now loaded: 0)
System memory in use before: 139.2 MB.
System memory in use after: 139.3 MB.

Unloading 13 unused Assets to reduce memory usage. Loaded Objects now: 3580.
Total: 5.775400 ms (FindLiveObjects: 0.760200 ms CreateObjectMapping: 0.263400 ms MarkObjects: 4.523400 ms  DeleteObjects: 0.225300 ms)

========================================================================
Received Import Request.
  Time since last request: 2802.674256 seconds.
  path: Assets/Scripts/Data/PlayerData.cs
  artifactKey: Guid(4c3e0535a9ed1f84aa2b86b2d475b656) Importer(815301076,1909f56bfc062723c751e8b465ee728b)
Start importing Assets/Scripts/Data/PlayerData.cs using Guid(4c3e0535a9ed1f84aa2b86b2d475b656) Importer(815301076,1909f56bfc062723c751e8b465ee728b)  -> (artifact id: '1283d71e5233ae20ca458261ff538def') in 0.014557 seconds
  Import took 0.078547 seconds .

========================================================================
Received Prepare
Registering precompiled user dll's ...
Registered in 0.005595 seconds.
Begin MonoManager ReloadAssembly
Native extension for WindowsStandalone target not found
Refreshing native plugins compatible for Editor in 1.23 ms, found 1 plugins.
Preloading 0 native plugins for Editor in 0.00 ms.
Invoked RoslynAnalysisRunner static constructor.
RoslynAnalysisRunner will not be running.
RoslynAnalysisRunner has terminated.
Mono: successfully reloaded assembly
- Completed reload, in  2.459 seconds
Platform modules already initialized, skipping
Shader 'Universal Render Pipeline/Particles/Lit': fallback shader 'Universal Render Pipeline/Particles/SimpleLit' not found
Refreshing native plugins compatible for Editor in 1.81 ms, found 1 plugins.
Preloading 0 native plugins for Editor in 0.00 ms.
Unloading 2996 Unused Serialized files (Serialized files now loaded: 0)
System memory in use before: 139.4 MB.
System memory in use after: 139.5 MB.

Unloading 16 unused Assets to reduce memory usage. Loaded Objects now: 3584.
Total: 5.372100 ms (FindLiveObjects: 0.455800 ms CreateObjectMapping: 0.256200 ms MarkObjects: 4.428400 ms  DeleteObjects: 0.228600 ms)

========================================================================
Received Import Request.
  Time since last request: 1511.770277 seconds.
  path: Assets/JsonDotNet/Documentation/Json Net for Unity 2.0.1.pdf
  artifactKey: Guid(4e7d9a07cc3f02a41a575406e7230846) Importer(815301076,1909f56bfc062723c751e8b465ee728b)
Start importing Assets/JsonDotNet/Documentation/Json Net for Unity 2.0.1.pdf using Guid(4e7d9a07cc3f02a41a575406e7230846) Importer(815301076,1909f56bfc062723c751e8b465ee728b)  -> (artifact id: 'e242b40d2b4e5c27173779ff55a8d125') in 0.072821 seconds
  Import took 0.114699 seconds .

========================================================================
Received Prepare
Registering precompiled user dll's ...
Registered in 0.006283 seconds.
Begin MonoManager ReloadAssembly
Native extension for WindowsStandalone target not found
Refreshing native plugins compatible for Editor in 1.11 ms, found 1 plugins.
Preloading 0 native plugins for Editor in 0.00 ms.
Invoked RoslynAnalysisRunner static constructor.
RoslynAnalysisRunner will not be running.
RoslynAnalysisRunner has terminated.
Mono: successfully reloaded assembly
- Completed reload, in  2.585 seconds
Platform modules already initialized, skipping
Shader 'Universal Render Pipeline/Particles/Lit': fallback shader 'Universal Render Pipeline/Particles/SimpleLit' not found
Refreshing native plugins compatible for Editor in 1.79 ms, found 1 plugins.
Preloading 0 native plugins for Editor in 0.00 ms.
Unloading 2996 Unused Serialized files (Serialized files now loaded: 0)
System memory in use before: 139.4 MB.
System memory in use after: 139.6 MB.

Unloading 16 unused Assets to reduce memory usage. Loaded Objects now: 3588.
Total: 5.791600 ms (FindLiveObjects: 0.655600 ms CreateObjectMapping: 0.500700 ms MarkObjects: 4.405300 ms  DeleteObjects: 0.226600 ms)

========================================================================
Received Import Request.
  Time since last request: 3703.785411 seconds.
  path: Assets/JsonDotNet/Assemblies/Windows/Newtonsoft.Json.XML
  artifactKey: Guid(36f7323c55864364d8bb88c736e4bca6) Importer(815301076,1909f56bfc062723c751e8b465ee728b)
Start importing Assets/JsonDotNet/Assemblies/Windows/Newtonsoft.Json.XML using Guid(36f7323c55864364d8bb88c736e4bca6) Importer(815301076,1909f56bfc062723c751e8b465ee728b)  -> (artifact id: '4a148a9fb8ba114b00f735bbe79d2bf8') in 0.052556 seconds
  Import took 0.084603 seconds .

========================================================================
Received Import Request.
  Time since last request: 0.039256 seconds.
  path: Assets/JsonDotNet/Assemblies/Windows/Newtonsoft.Json.XML
  artifactKey: Guid(36f7323c55864364d8bb88c736e4bca6) Importer(815301076,1909f56bfc062723c751e8b465ee728b)
Start importing Assets/JsonDotNet/Assemblies/Windows/Newtonsoft.Json.XML using Guid(36f7323c55864364d8bb88c736e4bca6) Importer(815301076,1909f56bfc062723c751e8b465ee728b)  -> (artifact id: '4a148a9fb8ba114b00f735bbe79d2bf8') in 0.009752 seconds
  Import took 0.048195 seconds .

========================================================================
Received Import Request.
  Time since last request: 2.549086 seconds.
  path: Assets/JsonDotNet/Assemblies/Windows/Newtonsoft.Json.dll
  artifactKey: Guid(9b6ba260dada0ea4a871a42011f8b87d) Importer(815301076,1909f56bfc062723c751e8b465ee728b)
Start importing Assets/JsonDotNet/Assemblies/Windows/Newtonsoft.Json.dll using Guid(9b6ba260dada0ea4a871a42011f8b87d) Importer(815301076,1909f56bfc062723c751e8b465ee728b)  -> (artifact id: '7f17efee7af05c4f697cfbe798c2d33f') in 0.047924 seconds
  Import took 0.115221 seconds .

========================================================================
Received Import Request.
  Time since last request: 0.156349 seconds.
  path: Assets/JsonDotNet/Assemblies/Windows/Newtonsoft.Json.dll
  artifactKey: Guid(9b6ba260dada0ea4a871a42011f8b87d) Importer(815301076,1909f56bfc062723c751e8b465ee728b)
Start importing Assets/JsonDotNet/Assemblies/Windows/Newtonsoft.Json.dll using Guid(9b6ba260dada0ea4a871a42011f8b87d) Importer(815301076,1909f56bfc062723c751e8b465ee728b)  -> (artifact id: '7f17efee7af05c4f697cfbe798c2d33f') in 0.018506 seconds
  Import took 0.032730 seconds .

========================================================================
Received Import Request.
  Time since last request: 11.491665 seconds.
  path: Assets/JsonDotNet/Assemblies/Standalone/Newtonsoft.Json.XML
  artifactKey: Guid(d6807fedb8dcaf04682d2c84f0ab753f) Importer(815301076,1909f56bfc062723c751e8b465ee728b)
Start importing Assets/JsonDotNet/Assemblies/Standalone/Newtonsoft.Json.XML using Guid(d6807fedb8dcaf04682d2c84f0ab753f) Importer(815301076,1909f56bfc062723c751e8b465ee728b)  -> (artifact id: '9533d9539dd7ee3df51aa9293e0af029') in 0.016614 seconds
  Import took 0.032915 seconds .

========================================================================
Received Import Request.
  Time since last request: 0.833163 seconds.
  path: Assets/JsonDotNet/Assemblies/Standalone/Newtonsoft.Json.dll
  artifactKey: Guid(17aef65a15b471f468b5fbeb4ff0c6a1) Importer(815301076,1909f56bfc062723c751e8b465ee728b)
Start importing Assets/JsonDotNet/Assemblies/Standalone/Newtonsoft.Json.dll using Guid(17aef65a15b471f468b5fbeb4ff0c6a1) Importer(815301076,1909f56bfc062723c751e8b465ee728b)  -> (artifact id: '119673ffdd26f28873ac0697e6764954') in 0.006004 seconds
  Import took 0.026221 seconds .

========================================================================
Received Import Request.
  Time since last request: 0.040060 seconds.
  path: Assets/JsonDotNet/Assemblies/Standalone/Newtonsoft.Json.dll
  artifactKey: Guid(17aef65a15b471f468b5fbeb4ff0c6a1) Importer(815301076,1909f56bfc062723c751e8b465ee728b)
Start importing Assets/JsonDotNet/Assemblies/Standalone/Newtonsoft.Json.dll using Guid(17aef65a15b471f468b5fbeb4ff0c6a1) Importer(815301076,1909f56bfc062723c751e8b465ee728b)  -> (artifact id: '119673ffdd26f28873ac0697e6764954') in 0.005994 seconds
  Import took 0.020087 seconds .

========================================================================
Received Import Request.
  Time since last request: 4.912783 seconds.
  path: Assets/JsonDotNet/Assemblies/AOT/Newtonsoft.Json.XML
  artifactKey: Guid(aadad8ac54f29e44583510294ac5c312) Importer(815301076,1909f56bfc062723c751e8b465ee728b)
Start importing Assets/JsonDotNet/Assemblies/AOT/Newtonsoft.Json.XML using Guid(aadad8ac54f29e44583510294ac5c312) Importer(815301076,1909f56bfc062723c751e8b465ee728b)  -> (artifact id: '9779a75e77c1ea8e087ecd0a87025054') in 0.014891 seconds
  Import took 0.043441 seconds .

========================================================================
Received Import Request.
  Time since last request: 0.897720 seconds.
  path: Assets/JsonDotNet/Assemblies/AOT/Newtonsoft.Json.dll
  artifactKey: Guid(6a3c684705042f345975d924f6983e36) Importer(815301076,1909f56bfc062723c751e8b465ee728b)
Start importing Assets/JsonDotNet/Assemblies/AOT/Newtonsoft.Json.dll using Guid(6a3c684705042f345975d924f6983e36) Importer(815301076,1909f56bfc062723c751e8b465ee728b)  -> (artifact id: 'dd2343b9472d8e05d900c9685b288b8b') in 0.008630 seconds
  Import took 0.053370 seconds .

========================================================================
Received Import Request.
  Time since last request: 286.174971 seconds.
  path: Assets/JsonDotNet/Assemblies/AOT/Newtonsoft.Json.dll
  artifactKey: Guid(6a3c684705042f345975d924f6983e36) Importer(815301076,1909f56bfc062723c751e8b465ee728b)
Start importing Assets/JsonDotNet/Assemblies/AOT/Newtonsoft.Json.dll using Guid(6a3c684705042f345975d924f6983e36) Importer(815301076,1909f56bfc062723c751e8b465ee728b)  -> (artifact id: '49735d627e36b7c20d4676fbbb3a729c') in 0.010393 seconds
  Import took 0.035619 seconds .

========================================================================
Received Prepare
Registering precompiled user dll's ...
Registered in 0.011384 seconds.
Begin MonoManager ReloadAssembly
Native extension for WindowsStandalone target not found
Refreshing native plugins compatible for Editor in 1.24 ms, found 1 plugins.
Preloading 0 native plugins for Editor in 0.00 ms.
Invoked RoslynAnalysisRunner static constructor.
RoslynAnalysisRunner will not be running.
RoslynAnalysisRunner has terminated.
Mono: successfully reloaded assembly
- Completed reload, in  4.904 seconds
Platform modules already initialized, skipping
Shader 'Universal Render Pipeline/Particles/Lit': fallback shader 'Universal Render Pipeline/Particles/SimpleLit' not found
Refreshing native plugins compatible for Editor in 1.23 ms, found 1 plugins.
Preloading 0 native plugins for Editor in 0.00 ms.
Unloading 2996 Unused Serialized files (Serialized files now loaded: 0)
System memory in use before: 139.4 MB.
System memory in use after: 139.6 MB.

Unloading 16 unused Assets to reduce memory usage. Loaded Objects now: 3592.
Total: 5.744900 ms (FindLiveObjects: 0.573900 ms CreateObjectMapping: 0.478200 ms MarkObjects: 4.449200 ms  DeleteObjects: 0.240400 ms)

