Using pre-set license
Built from '2020.3/staging' branch; Version is '2020.3.0f1 (c7b5465681fb) revision 13088070'; Using compiler version '192528614'; Build Type 'Release'
OS: 'Windows 10 Pro; OS build 18363.1316; Version 1909; 64bit' Language: 'en' Physical Memory: 16273 MB
BatchMode: 1, IsHumanControllingUs: 0, StartBugReporterOnCrash: 0, Is64bit: 1, IsPro: 0

 COMMAND LINE ARGUMENTS:
C:\Program Files\Unity\Hub\Editor\2020.3.0f1\Editor\Unity.exe
-adb2
-batchMode
-noUpm
-name
AssetImportWorker2
-projectPath
D:/JOJU/UNITY_PROJECTS/2D/Cyberpunk_2022_Game/Cyberpunk 2022
-logFile
Logs/AssetImportWorker2.log
-srvPort
4589
Successfully changed project path to: D:/JOJU/UNITY_PROJECTS/2D/Cyberpunk_2022_Game/Cyberpunk 2022
D:/JOJU/UNITY_PROJECTS/2D/Cyberpunk_2022_Game/Cyberpunk 2022
Using Asset Import Pipeline V2.
Refreshing native plugins compatible for Editor in 107.77 ms, found 1 plugins.
Preloading 0 native plugins for Editor in 0.00 ms.
Initialize engine version: 2020.3.0f1 (c7b5465681fb)
[Subsystems] Discovering subsystems at path C:/Program Files/Unity/Hub/Editor/2020.3.0f1/Editor/Data/Resources/UnitySubsystems
[Subsystems] Discovering subsystems at path D:/JOJU/UNITY_PROJECTS/2D/Cyberpunk_2022_Game/Cyberpunk 2022/Assets
GfxDevice: creating device client; threaded=0
Direct3D:
    Version:  Direct3D 11.0 [level 11.0]
    Renderer: Intel(R) HD Graphics 4000 (ID=0x166)
    Vendor:   
    VRAM:     128 MB
    Driver:   10.18.10.4358
Initialize mono
Mono path[0] = 'C:/Program Files/Unity/Hub/Editor/2020.3.0f1/Editor/Data/Managed'
Mono path[1] = 'C:/Program Files/Unity/Hub/Editor/2020.3.0f1/Editor/Data/MonoBleedingEdge/lib/mono/unityjit'
Mono config path = 'C:/Program Files/Unity/Hub/Editor/2020.3.0f1/Editor/Data/MonoBleedingEdge/etc'
Using monoOptions --debugger-agent=transport=dt_socket,embedding=1,server=y,suspend=n,address=127.0.0.1:56124
Begin MonoManager ReloadAssembly
Registering precompiled unity dll's ...
Register platform support module: C:/Program Files/Unity/Hub/Editor/2020.3.0f1/Editor/Data/PlaybackEngines/WebGLSupport/UnityEditor.WebGL.Extensions.dll
Register platform support module: C:/Program Files/Unity/Hub/Editor/2020.3.0f1/Editor/Data/PlaybackEngines/WindowsStandaloneSupport/UnityEditor.WindowsStandalone.Extensions.dll
Registered in 0.005223 seconds.
Native extension for WindowsStandalone target not found
Native extension for WebGL target not found
Refreshing native plugins compatible for Editor in 92.24 ms, found 1 plugins.
Preloading 0 native plugins for Editor in 0.00 ms.
Invoked RoslynAnalysisRunner static constructor.
RoslynAnalysisRunner will not be running.
RoslynAnalysisRunner has terminated.
Mono: successfully reloaded assembly
- Completed reload, in  4.575 seconds
Platform modules already initialized, skipping
Registering precompiled user dll's ...
Registered in 0.001665 seconds.
Begin MonoManager ReloadAssembly
Native extension for WindowsStandalone target not found
Native extension for WebGL target not found
Refreshing native plugins compatible for Editor in 94.39 ms, found 1 plugins.
Preloading 0 native plugins for Editor in 0.00 ms.
Invoked RoslynAnalysisRunner static constructor.
RoslynAnalysisRunner will not be running.
RoslynAnalysisRunner has terminated.
Mono: successfully reloaded assembly
- Completed reload, in  2.460 seconds
Platform modules already initialized, skipping
========================================================================
Worker process is ready to serve import requests
Launched and connected shader compiler UnityShaderCompiler.exe after 0.18 seconds
Refreshing native plugins compatible for Editor in 1.06 ms, found 1 plugins.
Preloading 0 native plugins for Editor in 0.00 ms.
Unloading 1806 Unused Serialized files (Serialized files now loaded: 0)
System memory in use before: 84.6 MB.
System memory in use after: 84.6 MB.

Unloading 24 unused Assets to reduce memory usage. Loaded Objects now: 2248.
Total: 5.455000 ms (FindLiveObjects: 0.412400 ms CreateObjectMapping: 0.146800 ms MarkObjects: 4.599100 ms  DeleteObjects: 0.293700 ms)

========================================================================
Received Import Request.
  path: Assets/Fonts 1
  artifactKey: Guid(7e343629503526148ba5aec55e3ede82) Importer(815301076,1909f56bfc062723c751e8b465ee728b)
Start importing Assets/Fonts 1 using Guid(7e343629503526148ba5aec55e3ede82) Importer(815301076,1909f56bfc062723c751e8b465ee728b)  -> (artifact id: '6907d2f759880201896447da582d5032') in 0.057002 seconds
  Import took 0.086733 seconds .

========================================================================
Received Import Request.
  Time since last request: 1.841714 seconds.
  path: Assets/Materials
  artifactKey: Guid(7e343629503526148ba5aec55e3ede82) Importer(815301076,1909f56bfc062723c751e8b465ee728b)
Start importing Assets/Materials using Guid(7e343629503526148ba5aec55e3ede82) Importer(815301076,1909f56bfc062723c751e8b465ee728b)  -> (artifact id: 'aa3f40f5cc85ffb6ef7983aec0e74a13') in 0.016437 seconds
  Import took 0.026581 seconds .

========================================================================
Received Import Request.
  Time since last request: 1.121052 seconds.
  path: Assets/Materials 1
  artifactKey: Guid(7e8aa64253f9518428de72dba8c8f468) Importer(815301076,1909f56bfc062723c751e8b465ee728b)
Start importing Assets/Materials 1 using Guid(7e8aa64253f9518428de72dba8c8f468) Importer(815301076,1909f56bfc062723c751e8b465ee728b)  -> (artifact id: '6ba2202e2ea66e07620d9895a9c4ecdc') in 0.015132 seconds
  Import took 0.029570 seconds .

========================================================================
Received Import Request.
  Time since last request: 7.403900 seconds.
  path: Assets/Prefabs
  artifactKey: Guid(7e8aa64253f9518428de72dba8c8f468) Importer(815301076,1909f56bfc062723c751e8b465ee728b)
Start importing Assets/Prefabs using Guid(7e8aa64253f9518428de72dba8c8f468) Importer(815301076,1909f56bfc062723c751e8b465ee728b)  -> (artifact id: 'd8d08c2a9ebc57f706d7db621a300cf2') in 0.021030 seconds
  Import took 0.051113 seconds .

========================================================================
Received Import Request.
  Time since last request: 7.214754 seconds.
  path: Assets/Prefabs 1
  artifactKey: Guid(6c35696709be4a8449157455dffa793c) Importer(815301076,1909f56bfc062723c751e8b465ee728b)
Start importing Assets/Prefabs 1 using Guid(6c35696709be4a8449157455dffa793c) Importer(815301076,1909f56bfc062723c751e8b465ee728b)  -> (artifact id: '49c5c8e352a3feddf9ec603dbfe55643') in 0.014437 seconds
  Import took 0.022485 seconds .

========================================================================
Received Import Request.
  Time since last request: 3.746303 seconds.
  path: Assets/Scripts
  artifactKey: Guid(6c35696709be4a8449157455dffa793c) Importer(815301076,1909f56bfc062723c751e8b465ee728b)
Start importing Assets/Scripts using Guid(6c35696709be4a8449157455dffa793c) Importer(815301076,1909f56bfc062723c751e8b465ee728b)  -> (artifact id: '97a907f392c24581dfa651b52b4a5530') in 0.018335 seconds
  Import took 0.027356 seconds .

========================================================================
Received Import Request.
  Time since last request: 2.783129 seconds.
  path: Assets/Scripts 1
  artifactKey: Guid(de51353894b427c449415a4a5c9267e0) Importer(815301076,1909f56bfc062723c751e8b465ee728b)
Start importing Assets/Scripts 1 using Guid(de51353894b427c449415a4a5c9267e0) Importer(815301076,1909f56bfc062723c751e8b465ee728b)  -> (artifact id: '3b407314fa4470882986b452fe1d146c') in 0.038275 seconds
  Import took 0.083002 seconds .

========================================================================
Received Import Request.
  Time since last request: 3.220098 seconds.
  path: Assets/Sprites
  artifactKey: Guid(de51353894b427c449415a4a5c9267e0) Importer(815301076,1909f56bfc062723c751e8b465ee728b)
Start importing Assets/Sprites using Guid(de51353894b427c449415a4a5c9267e0) Importer(815301076,1909f56bfc062723c751e8b465ee728b)  -> (artifact id: 'caf79858f0acf6b2f750d76e0a875d0b') in 0.015596 seconds
  Import took 0.024439 seconds .

========================================================================
Received Import Request.
  Time since last request: 24.268826 seconds.
  path: Assets/Sprites 1
  artifactKey: Guid(1d61af7dd4bd9884ab9a06b69129d1f6) Importer(815301076,1909f56bfc062723c751e8b465ee728b)
Start importing Assets/Sprites 1 using Guid(1d61af7dd4bd9884ab9a06b69129d1f6) Importer(815301076,1909f56bfc062723c751e8b465ee728b)  -> (artifact id: '08929679517e29c2af5639f4962e2f04') in 0.016095 seconds
  Import took 0.032390 seconds .

========================================================================
Received Import Request.
  Time since last request: 6.345217 seconds.
  path: Assets/Resources
  artifactKey: Guid(1d61af7dd4bd9884ab9a06b69129d1f6) Importer(815301076,1909f56bfc062723c751e8b465ee728b)
Start importing Assets/Resources using Guid(1d61af7dd4bd9884ab9a06b69129d1f6) Importer(815301076,1909f56bfc062723c751e8b465ee728b)  -> (artifact id: 'd01befe24020fd49c77d9cf1d5ee3584') in 0.016323 seconds
  Import took 0.036590 seconds .

========================================================================
Received Import Request.
  Time since last request: 0.001112 seconds.
  path: Assets/Resources
  artifactKey: Guid(1d61af7dd4bd9884ab9a06b69129d1f6) Importer(815301076,1909f56bfc062723c751e8b465ee728b)
Start importing Assets/Resources using Guid(1d61af7dd4bd9884ab9a06b69129d1f6) Importer(815301076,1909f56bfc062723c751e8b465ee728b)  -> (artifact id: 'd01befe24020fd49c77d9cf1d5ee3584') in 0.012691 seconds
  Import took 0.023159 seconds .

========================================================================
Received Import Request.
  Time since last request: 17.284027 seconds.
  path: Assets/Sprites 1
  artifactKey: Guid(5053b8905aa93494eacd949d97abb2a6) Importer(815301076,1909f56bfc062723c751e8b465ee728b)
Start importing Assets/Sprites 1 using Guid(5053b8905aa93494eacd949d97abb2a6) Importer(815301076,1909f56bfc062723c751e8b465ee728b)  -> (artifact id: 'ef82476bf1e928a993a33194de05235a') in 0.005972 seconds
  Import took 0.014436 seconds .

========================================================================
Received Import Request.
  Time since last request: 2.916071 seconds.
  path: Assets/Icons
  artifactKey: Guid(5053b8905aa93494eacd949d97abb2a6) Importer(815301076,1909f56bfc062723c751e8b465ee728b)
Start importing Assets/Icons using Guid(5053b8905aa93494eacd949d97abb2a6) Importer(815301076,1909f56bfc062723c751e8b465ee728b)  -> (artifact id: '640b73b8018b91bcdc8b822ded8be49b') in 0.020881 seconds
  Import took 0.029745 seconds .

========================================================================
Received Import Request.
  Time since last request: 24.369093 seconds.
  path: Assets/Scenes
  artifactKey: Guid(232e4f7b237e4564995689b82c8d8a14) Importer(815301076,1909f56bfc062723c751e8b465ee728b)
Start importing Assets/Scenes using Guid(232e4f7b237e4564995689b82c8d8a14) Importer(815301076,1909f56bfc062723c751e8b465ee728b)  -> (artifact id: '0108a05712376feef987d35b52959984') in 0.017010 seconds
  Import took 0.057045 seconds .

========================================================================
Received Import Request.
  Time since last request: 30.367295 seconds.
  path: Assets/Scenes/Level_1.unity
  artifactKey: Guid(c812e46c17a5eb447a41e549cadea4a2) Importer(815301076,1909f56bfc062723c751e8b465ee728b)
Start importing Assets/Scenes/Level_1.unity using Guid(c812e46c17a5eb447a41e549cadea4a2) Importer(815301076,1909f56bfc062723c751e8b465ee728b)  -> (artifact id: '834d33c7472f0e6e085c98fe9bdc2169') in 0.037956 seconds
  Import took 0.058421 seconds .

========================================================================
Received Import Request.
  Time since last request: 1.675901 seconds.
  path: Assets/Scenes/SANDBOX SCENE.unity
  artifactKey: Guid(2cda990e2423bbf4892e6590ba056729) Importer(815301076,1909f56bfc062723c751e8b465ee728b)
Start importing Assets/Scenes/SANDBOX SCENE.unity using Guid(2cda990e2423bbf4892e6590ba056729) Importer(815301076,1909f56bfc062723c751e8b465ee728b)  -> (artifact id: '4db405bdc534b680f22f635e6e3b91d8') in 0.016887 seconds
  Import took 0.046937 seconds .

========================================================================
Received Import Request.
  Time since last request: 5.648954 seconds.
  path: Assets/Scenes/SANDBOX_SCENE.unity
  artifactKey: Guid(2cda990e2423bbf4892e6590ba056729) Importer(815301076,1909f56bfc062723c751e8b465ee728b)
Start importing Assets/Scenes/SANDBOX_SCENE.unity using Guid(2cda990e2423bbf4892e6590ba056729) Importer(815301076,1909f56bfc062723c751e8b465ee728b)  -> (artifact id: 'a9fa3a8e4bdcd3ccc319167989c7305f') in 0.017054 seconds
  Import took 0.036307 seconds .

